<?xml version='1.0' encoding='UTF-8'?>
<testsuite hostname="MacBook-Pro-de-khalfaoui.local" name="stackoverflow.StackOverflowSuite" tests="7" errors="0" failures="0" skipped="0" time="3.579">
                     <properties>
[...]
</properties>
                     <testcase classname="stackoverflow.StackOverflowSuite" name="testObject can be instantiated" time="2.569">
                                                 
                                               </testcase><testcase classname="stackoverflow.StackOverflowSuite" name="test numéro 1 - Parsing" time="0.358">
                                                 
                                               </testcase><testcase classname="stackoverflow.StackOverflowSuite" name="test numéro 1 - filtre and join" time="0.298">
                                                 
                                               </testcase><testcase classname="stackoverflow.StackOverflowSuite" name="test numéro 3 - group posting" time="0.087">
                                                 
                                               </testcase><testcase classname="stackoverflow.StackOverflowSuite" name="test numéro 4 - vector posting" time="0.124">
                                                 
                                               </testcase><testcase classname="stackoverflow.StackOverflowSuite" name="'kmeans' work" time="0.069">
                                                 
                                               </testcase><testcase classname="stackoverflow.StackOverflowSuite" name="'clusterResults' work" time="0.074">
                                                 
                                               </testcase>
                     <system-out></system-out>
                     <system-err></system-err>
                   </testsuite>