[0m[[0mdebug[0m] [0mRunning TaskDef(timeusage.TimeUsageSuite, org.scalatest.tools.Framework$$anon$1@6ed71bf5, false, [SuiteSelector])[0m
[0m[[0minfo[0m] [0m[36mRun completed in 4 seconds, 572 milliseconds.[0m[0m
[0m[[0minfo[0m] [0m[36mTotal number of tests run: 2[0m[0m
[0m[[0minfo[0m] [0m[36mSuites: completed 1, aborted 0[0m[0m
[0m[[0minfo[0m] [0m[36mTests: succeeded 1, failed 1, canceled 0, ignored 0, pending 0[0m[0m
[0m[[0minfo[0m] [0m[31m*** 1 TEST FAILED ***[0m[0m
[0m[[31merror[0m] [0mFailed tests:[0m
[0m[[31merror[0m] [0m	timeusage.TimeUsageSuite[0m
[0m[[31merror[0m] [0m(test:[31mtestOnly[0m) sbt.TestsFailedException: Tests unsuccessful[0m
