[0m[[0mdebug[0m] [0mRunning TaskDef(wikipedia.WikipediaSuite, org.scalatest.tools.Framework$$anon$1@1db96d3d, false, [SuiteSelector])[0m
[0m[[0minfo[0m] [0m[36mRun completed in 25 seconds, 218 milliseconds.[0m[0m
[0m[[0minfo[0m] [0m[36mTotal number of tests run: 6[0m[0m
[0m[[0minfo[0m] [0m[36mSuites: completed 1, aborted 0[0m[0m
[0m[[0minfo[0m] [0m[36mTests: succeeded 5, failed 1, canceled 0, ignored 1, pending 0[0m[0m
[0m[[0minfo[0m] [0m[31m*** 1 TEST FAILED ***[0m[0m
[0m[[31merror[0m] [0mFailed tests:[0m
[0m[[31merror[0m] [0m	wikipedia.WikipediaSuite[0m
[0m[[31merror[0m] [0m(test:[31mtest[0m) sbt.TestsFailedException: Tests unsuccessful[0m
